baselib/library/build/outputs/logs/manifest-merger-debug-report.txt
-- Merging decision tree log ---
manifest
ADDED from src\main\AndroidManifest.xml:2:1-17:12
INJECTED from src\main\AndroidManifest.xml:2:1-17:12
INJECTED from src\main\AndroidManifest.xml:2:1-17:12
	package
		ADDED from src\main\AndroidManifest.xml:3:5-30
		INJECTED from src\main\AndroidManifest.xml
		INJECTED from src\main\AndroidManifest.xml
	xmlns:android
		ADDED from src\main\AndroidManifest.xml:2:11-69
application
ADDED from src\main\AndroidManifest.xml:5:5-15:19
	android:supportsRtl
		ADDED from src\main\AndroidManifest.xml:8:9-35
	android:label
		ADDED from src\main\AndroidManifest.xml:7:9-41
	android:allowBackup
		ADDED from src\main\AndroidManifest.xml:6:9-35
activity#com.dhc.library.base.WebViewCommonActivity
ADDED from src\main\AndroidManifest.xml:9:9-88
	android:name
		ADDED from src\main\AndroidManifest.xml:9:19-76
meta-data#com.dhc.lib.imageload.glideloader.CustomCachingGlideModule
ADDED from src\main\AndroidManifest.xml:10:9-12:42
	android:value
		ADDED from src\main\AndroidManifest.xml:12:13-40
	android:name
		ADDED from src\main\AndroidManifest.xml:11:13-86
service#com.dhc.library.base.InitializeService
ADDED from src\main\AndroidManifest.xml:14:9-73
	android:name
		ADDED from src\main\AndroidManifest.xml:14:18-71
uses-sdk
INJECTED from src\main\AndroidManifest.xml reason: use-sdk injection requested
INJECTED from src\main\AndroidManifest.xml
INJECTED from src\main\AndroidManifest.xml
INJECTED from src\main\AndroidManifest.xml
INJECTED from src\main\AndroidManifest.xml
	android:targetSdkVersion
		INJECTED from src\main\AndroidManifest.xml
		ADDED from src\main\AndroidManifest.xml
		INJECTED from src\main\AndroidManifest.xml
	android:minSdkVersion
		INJECTED from src\main\AndroidManifest.xml
		ADDED from src\main\AndroidManifest.xml
		INJECTED from src\main\AndroidManifest.xml